"../../../Engine/Content/Functions/Engine_MaterialFunctions01/Opacity/CameraDepthFade.uasset" 0
"../../../Engine/Content/EngineMaterials/T_Default_Material_Grid_M.uasset" 1
"../../../Engine/Content/EngineMaterials/T_Default_Material_Grid_N.uasset" 2
"../../../Engine/Content/EngineMaterials/DefaultMaterial.uasset" 3
"../../../Engine/Content/BasicShapes/Cone.uasset" 4
"../../../Engine/Content/BasicShapes/Cylinder.uasset" 5
"../../../Engine/Content/EngineMaterials/WorldGridMaterial.uasset" 6
"../../../Engine/Content/BasicShapes/Plane.uasset" 7
"../../../Engine/Content/BasicShapes/Sphere.uasset" 8
"../../../Engine/Content/EditorLandscapeResources/DataLayer.uasset" 9
"../../../Engine/Content/EditorMaterials/GizmoMaterial.uasset" 10
"../../../Engine/Content/EditorMaterials/MAT_Groups_Toggle.uasset" 11
"../../../Engine/Content/EditorMaterials/MAT_Groups_Visibility.uasset" 12
"../../../Engine/Content/EditorMaterials/PreviewShadowIndicator.uasset" 13
"../../../Engine/Content/EditorMaterials/PreviewShadowIndicatorMaterial.uasset" 14
"../../../Engine/Content/EditorMaterials/AssetViewer/EpicQuadPanorama_CC+EV1.uasset" 15
"../../../Engine/Content/EditorMaterials/MatineeGroups/MAT_ColorTrack.uasset" 16
"../../../Engine/Content/EditorMaterials/MatineeGroups/MAT_Groups_Anim.uasset" 17
"../../../Engine/Content/EditorMaterials/MatineeGroups/MAT_Groups_AudioMaster.uasset" 18
"../../../Engine/Content/EditorMaterials/MatineeGroups/MAT_Groups_Director.uasset" 19
"../../../Engine/Content/EditorMaterials/MatineeGroups/MAT_Groups_Event.uasset" 20
"../../../Engine/Content/EditorMaterials/MatineeGroups/MAT_Groups_Fade.uasset" 21
"../../../Engine/Content/EditorMaterials/MatineeGroups/MAT_Groups_Float.uasset" 22
"../../../Engine/Content/EditorMaterials/MatineeGroups/MAT_Groups_Move.uasset" 23
"../../../Engine/Content/EditorMaterials/MatineeGroups/MAT_Groups_Slomo.uasset" 24
"../../../Engine/Content/EditorMaterials/MatineeGroups/MAT_Groups_Sound.uasset" 25
"../../../Engine/Content/EditorMaterials/MatineeGroups/MAT_Groups_Vector.uasset" 26
"../../../Engine/Content/EditorMaterials/ParticleSystems/PSysThumbnail_NoImage.uasset" 27
"../../../Engine/Content/EditorMaterials/ParticleSystems/PSysThumbnail_OOD.uasset" 28
"../../../Engine/Content/EditorMaterials/Camera/CineMat.uasset" 29
"../../../Engine/Content/EditorMaterials/Camera/MI_CineMat_Rig.uasset" 30
"../../../Engine/Content/EditorMeshes/Camera/SM_CraneRig_Arm.uasset" 31
"../../../Engine/Content/EditorMeshes/Camera/SM_CraneRig_Base.uasset" 32
"../../../Engine/Content/EditorMeshes/Camera/SM_CraneRig_Body.uasset" 33
"../../../Engine/Content/EditorMeshes/Camera/SM_CraneRig_Mount.uasset" 34
"../../../Engine/Content/EditorMeshes/Camera/SM_RailRig_Mount.uasset" 35
"../../../Engine/Content/EditorMeshes/Camera/SM_RailRig_Track.uasset" 36
"../../../Engine/Content/EditorResources/BSPVertex.uasset" 37
"../../../Engine/Content/EditorResources/EmptyActor.uasset" 38
"../../../Engine/Content/EditorResources/RGBTable16x1_AssetViewer.uasset" 39
"../../../Engine/Content/EditorResources/S_Actor.uasset" 40
"../../../Engine/Content/EditorResources/S_Trigger.uasset" 41
"../../../Engine/Content/EditorResources/AudioIcons/S_AudioComponent.uasset" 42
"../../../Engine/Content/EditorResources/AudioIcons/S_AudioComponent_AutoActivate.uasset" 43
"../../../Engine/Content/EditorResources/LightIcons/S_LightError.uasset" 44
"../../../Engine/Content/EditorResources/SequenceRecorder/Countdown.uasset" 45
"../../../Engine/Content/EditorResources/SequenceRecorder/RecordingIndicator.uasset" 46
"../../../Engine/Content/EditorSounds/Notifications/CompileFailed.uasset" 47
"../../../Engine/Content/EditorSounds/Notifications/CompileFailed_Cue.uasset" 48
"../../../Engine/Content/EditorSounds/Notifications/CompileSuccess.uasset" 49
"../../../Engine/Content/EditorSounds/Notifications/CompileStart_Cue.uasset" 50
"../../../Engine/Content/EditorSounds/Notifications/CompileSuccess_Cue.uasset" 51
"../../../Engine/Content/EngineDamageTypes/DmgTypeBP_Environmental.uasset" 52
"../../../Engine/Content/EngineDebugMaterials/HeatmapGradient.uasset" 53
"../../../Engine/Content/EngineDebugMaterials/BoneWeightMaterial.uasset" 54
"../../../Engine/Content/EngineDebugMaterials/DebugMeshMaterial.uasset" 55
"../../../Engine/Content/EngineDebugMaterials/GeomMaterial.uasset" 56
"../../../Engine/Content/EngineFonts/Faces/RobotoBold.uasset" 57
"../../../Engine/Content/EngineFonts/Faces/RobotoBoldItalic.uasset" 58
"../../../Engine/Content/EngineFonts/Faces/RobotoItalic.uasset" 59
"../../../Engine/Content/EngineFonts/Faces/RobotoLight.uasset" 60
"../../../Engine/Content/EngineFonts/Faces/RobotoRegular.uasset" 61
"../../../Engine/Content/EngineFonts/Roboto.uasset" 62
"../../../Engine/Content/EngineFonts/Faces/RobotoTiny.uasset" 63
"../../../Engine/Content/EngineFonts/RobotoTiny.uasset" 64
"../../../Engine/Content/EngineMaterials/DefaultBokeh.uasset" 65
"../../../Engine/Content/EngineMaterials/DefaultDiffuse.uasset" 66
"../../../Engine/Content/EngineMaterials/DefaultDeferredDecalMaterial.uasset" 67
"../../../Engine/Content/EngineMaterials/DefaultLightFunctionMaterial.uasset" 68
"../../../Engine/Content/EngineMaterials/DefaultPhysicalMaterial.uasset" 69
"../../../Engine/Content/Functions/Engine_MaterialFunctions02/Utility/BreakOutFloat2Components.uasset" 70
"../../../Engine/Content/EngineMaterials/DefaultPostProcessMaterial.uasset" 71
"../../../Engine/Content/EngineFonts/RobotoDistanceField.uasset" 72
"../../../Engine/Content/EngineMaterials/DefaultTextMaterialOpaque.uasset" 73
"../../../Engine/Content/EngineMaterials/DefaultWhiteGrid.uasset" 74
"../../../Engine/Content/EngineMaterials/EditorBrushMaterial.uasset" 75
"../../../Engine/Content/EngineMaterials/Good64x64TilingNoiseHighFreq.uasset" 76
"../../../Engine/Content/EngineMaterials/MiniFont.uasset" 77
"../../../Engine/Content/EngineMaterials/InvalidLightmapSettings.uasset" 78
"../../../Engine/Content/EngineMaterials/M_InvalidLightmapSettings.uasset" 79
"../../../Engine/Content/EngineMaterials/PhAT_JointLimitMaterial.uasset" 80
"../../../Engine/Content/EngineMaterials/PreintegratedSkinBRDF.uasset" 81
"../../../Engine/Content/EngineMaterials/RemoveSurfaceMaterial.uasset" 82
"../../../Engine/Content/EngineMaterials/WeightMapPlaceholderTexture.uasset" 83
"../../../Engine/Content/EngineResources/WhiteSquareTexture.uasset" 84
"../../../Engine/Content/EngineMaterials/Widget3DPassThrough.uasset" 85
"../../../Engine/Content/EngineMaterials/Widget3DPassThrough_Masked.uasset" 86
"../../../Engine/Content/EngineMaterials/Widget3DPassThrough_Opaque.uasset" 87
"../../../Engine/Content/EngineMaterials/Widget3DPassThrough_Masked_OneSided.uasset" 88
"../../../Engine/Content/EngineMaterials/Widget3DPassThrough_Opaque_OneSided.uasset" 89
"../../../Engine/Content/EngineMaterials/Widget3DPassThrough_Translucent.uasset" 90
"../../../Engine/Content/EngineMaterials/Widget3DPassThrough_Translucent_OneSided.uasset" 91
"../../../Engine/Content/EngineMeshes/Cube.uasset" 92
"../../../Engine/Content/EngineMeshes/Cylinder.uasset" 93
"../../../Engine/Content/EngineMeshes/Sphere.uasset" 94
"../../../Engine/Content/EngineResources/Black.uasset" 95
"../../../Engine/Content/EngineResources/DefaultTexture.uasset" 96
"../../../Engine/Content/EngineResources/DefaultTextureCube.uasset" 97
"../../../Engine/Content/EngineResources/GradientTexture0.uasset" 98
"../../../Engine/Content/EngineSounds/Master.uasset" 99
"../../../Engine/Content/Functions/Engine_MaterialFunctions01/Shading/ConvertFromDiffSpec.uasset" 100
"../../../Engine/Content/Functions/Engine_MaterialFunctions01/Shading/PowerToRoughness.uasset" 101
"../../../Engine/Content/Maps/Templates/Thumbnails/Default.uasset" 102
"../../../Engine/Content/Maps/Templates/Thumbnails/VR-Basic.uasset" 103
"../../../Engine/Content/MobileResources/T_MobileControls_texture.uasset" 104
"../../../Engine/Content/MobileResources/T_MobileMenu2.uasset" 105
"../../../Engine/Content/MobileResources/HUD/AnalogHat.uasset" 106
"../../../Engine/Content/MobileResources/HUD/VirtualJoystick_Background.uasset" 107
"../../../Engine/Content/MobileResources/HUD/VirtualJoystick_Thumb.uasset" 108
"../../../Engine/Content/MobileResources/HUD/DefaultVirtualJoysticks.uasset" 109
"../../../Engine/Content/MobileResources/HUD/LeftVirtualJoystickOnly.uasset" 110
"../../../Engine/Content/MobileResources/HUD/MobileHUDButton1_off.uasset" 111
"../../../Engine/Content/MobileResources/HUD/MobileHUDButton1_on.uasset" 112
"../../../Engine/Content/MobileResources/HUD/MobileHUDButton2_off.uasset" 113
"../../../Engine/Content/MobileResources/HUD/MobileHUDButton2_on.uasset" 114
"../../../Engine/Content/MobileResources/HUD/MobileHUDButton3.uasset" 115
"../../../Engine/Content/MobileResources/HUD/MobileHUDButtonFire.uasset" 116
"../../../Engine/Content/MobileResources/HUD/MobileHUDDirectionPad.uasset" 117
"../../../Engine/Content/MobileResources/HUD/MobileHUDDirectionPad2.uasset" 118
"../../../Engine/Content/MobileResources/HUD/MobileHUDDirectionPad3.uasset" 119
"../../../Engine/Content/MobileResources/HUD/MobileHUDDirectionStick.uasset" 120
"../../../Engine/Content/MobileResources/HUD/T_Castle_ThumbstickInner.uasset" 121
"../../../Engine/Content/MobileResources/HUD/T_Castle_ThumbstickOutter.uasset" 122
"../../../Engine/Content/Tutorial/ContentIntroCurve.uasset" 123
"../../../Engine/Content/Tutorial/Basics/TutorialAssets/icon_tab_Levels_40x.uasset" 124
"../../../Engine/Content/Tutorial/BlueprintTutorials/TutorialAssets/BlueprintInterface_64x.uasset" 125
"../../../Engine/Content/Tutorial/BlueprintTutorials/TutorialAssets/BlueprintMacroLibrary_64x.uasset" 126
"../../../Engine/Content/Tutorial/BlueprintTutorials/TutorialAssets/Blueprint_64x.uasset" 127
"../../../Engine/Content/Tutorial/BlueprintTutorials/TutorialAssets/Tutorial_BP_Interface.uasset" 128
"../../../Engine/Content/Tutorial/Foliage/TutorialAssets/Foliage.uasset" 129
"../../../Engine/Content/Tutorial/Landscape/TutorialAssets/Landscape.uasset" 130
"../../../Engine/Content/Tutorial/Paper2D/TutorialAssets/Paper2DFlipbook_TutorialIcon.uasset" 131
"../../../Engine/Content/Tutorial/Paper2D/TutorialAssets/Paper2DSprite_TutorialIcon.uasset" 132
"../../../Engine/Content/Tutorial/SubEditors/TutorialAssets/icon_Editor_Preferences_General_40x.uasset" 133
"../../../Engine/Content/Tutorial/SubEditors/TutorialAssets/icon_ShowSkeletalMeshes_40x.uasset" 134
"../../../Engine/Content/Tutorial/SubEditors/TutorialAssets/TutorialMaterial.uasset" 135
"../../../Engine/Content/Tutorial/SubEditors/TutorialAssets/T_SmokeSubUV_8X8.uasset" 136
"../../../Engine/Content/Tutorial/SubEditors/TutorialAssets/T_soft_smoke.uasset" 137
"../../../Engine/Content/Tutorial/SubEditors/TutorialAssets/M_smoke_subUV_blackbody.uasset" 138
"../../../Engine/Content/Tutorial/SubEditors/TutorialAssets/TutorialParticleSystem.uasset" 139
"../../../Engine/Content/EditorMeshes/EditorCube.uasset" 140
"../../../Engine/Content/Tutorial/SubEditors/TutorialAssets/Tutorial_DM.uasset" 141
"../../../Engine/Content/VREditor/Devices/Generic/GenericHMDMaterial.uasset" 142
"../../../Engine/Content/VREditor/Devices/Generic/GenericHMD.uasset" 143
"../../../Engine/Content/VREditor/FloatingText/LineMaterial.uasset" 144
"../../../Engine/Content/VREditor/FloatingText/JointSphere.uasset" 145
"../../../Engine/Content/VREditor/FloatingText/LineSegmentCylinder.uasset" 146
"../../../Engine/Content/VREditor/Fonts/VRText_RobotoLarge.uasset" 147
"../../../Engine/Content/VREditor/Fonts/VRTextMaterial.uasset" 148
"../../../Engine/Content/VREditor/Fonts/TranslucentVRTextMaterial.uasset" 149
"../../../Engine/Content/VREditor/LaserPointer/VR_LaserPower_01.uasset" 150
"../../../Engine/Content/VREditor/LaserPointer/LaserPointerMaterial.uasset" 151
"../../../Engine/Content/VREditor/LaserPointer/LaserPointerMaterialInst.uasset" 152
"../../../Engine/Content/VREditor/LaserPointer/TranslucentLaserPointerMaterialInst.uasset" 153
"../../../Engine/Content/VREditor/LaserPointer/LaserPointerMesh.uasset" 154
"../../../Engine/Content/VREditor/Sounds/VR_grab_Cue.uasset" 155
"../../../Engine/Content/VREditor/Sounds/VR_teleport_Cue.uasset" 156
"../../../Engine/Content/VREditor/TransformGizmo/TransformGizmoMaterial.uasset" 157
"../../../Engine/Content/VREditor/TransformGizmo/TranslucentTransformGizmoMaterial.uasset" 158
"../../../Engine/Content/VREditor/TransformGizmo/BoundingBoxCorner.uasset" 159
"../../../Engine/Content/VREditor/TransformGizmo/BoundingBoxEdge.uasset" 160
"../../../Engine/Content/VREditor/TransformGizmo/PlaneTranslationHandle.uasset" 161
"../../../Engine/Content/VREditor/TransformGizmo/RotationHandle.uasset" 162
"../../../Engine/Content/VREditor/TransformGizmo/RotationHandleFull.uasset" 163
"../../../Engine/Content/VREditor/TransformGizmo/StretchingHandle.uasset" 164
"../../../Engine/Content/VREditor/TransformGizmo/TranslateHandleLong.uasset" 165
"../../../Engine/Content/VREditor/TransformGizmo/TranslationHandle.uasset" 166
"../../../Engine/Content/VREditor/TransformGizmo/UniformScaleHandle.uasset" 167
"../../../Engine/Content/VREditor/UI/CloseButtonMesh.uasset" 168
"../../../Engine/Content/VREditor/UI/SelectionBarMesh.uasset" 169
"../../../Engine/Content/Functions/Engine_MaterialFunctions01/Gradient/RadialGradient.uasset" 170
"../../../Engine/Content/VREditor/WorldMovementGrid/SimpleGrid.uasset" 171
"../../../Engine/Content/VREditor/WorldMovementGrid/GridMaterial.uasset" 172
"../../../Engine/Content/Functions/Engine_MaterialFunctions01/Density/ExponentialDensity.uasset" 173
"../../../Engine/Content/VREditor/WorldMovementGrid/GridPostProcess.uasset" 174
"../../../Engine/Content/EditorLandscapeResources/FlattenHeightMat.uasset" 175
"../../../Engine/Content/VREditor/WorldMovementGrid/PlaneMesh.uasset" 176
"../../../CanineJourney/Content/2DSideScroller/Textures/2DBackgroundTile.uasset" 177
"../../../CanineJourney/Content/2DSideScroller/Materials/PrototypingSpriteMaterial.uasset" 178
"../../../CanineJourney/Content/2DSideScroller/Sprites/PrototypingSprite.uasset" 179
"../../../CanineJourney/Content/Sprites/Character.uasset" 180
"../../../CanineJourney/Content/Sprites/Character_Sprite_11.uasset" 181
"../../../CanineJourney/Content/Sprites/Character_Sprite_12.uasset" 182
"../../../CanineJourney/Content/Sprites/Character_Sprite_13.uasset" 183
"../../../CanineJourney/Content/Sprites/Character_Sprite_14.uasset" 184
"../../../CanineJourney/Content/Sprites/Character_Sprite_15.uasset" 185
"../../../CanineJourney/Content/Sprites/Character_Sprite_16.uasset" 186
"../../../CanineJourney/Content/Sprites/Character_Sprite_17.uasset" 187
"../../../CanineJourney/Content/Sprites/Character_Sprite_18.uasset" 188
"../../../CanineJourney/Content/Sprites/Character_Sprite_19.uasset" 189
"../../../CanineJourney/Content/Sprites/Character_Sprite_20.uasset" 190
"../../../CanineJourney/Content/Sprites/Character_Sprite_21.uasset" 191
"../../../CanineJourney/Content/Sprites/Character_Sprite_22.uasset" 192
"../../../CanineJourney/Content/Sprites/Character_Sprite_23.uasset" 193
"../../../CanineJourney/Content/Sprites/Character_Sprite_3.uasset" 194
"../../../CanineJourney/Content/Sprites/Character_Sprite_5.uasset" 195
"../../../CanineJourney/Content/Sprites/Character_Sprite_6.uasset" 196
"../../../CanineJourney/Content/Sprites/Character_Sprite_7.uasset" 197
"../../../CanineJourney/Content/Textures/heart.uasset" 198
"../../../CanineJourney/Content/Sprites/Gambling/heart_Sprite_0.uasset" 199
"../../../CanineJourney/Content/Textures/paw-health.uasset" 200
"../../../CanineJourney/Content/Sprites/Gambling/paw-health_Sprite_0.uasset" 201
"../../../CanineJourney/Content/Textures/tileset-middle.uasset" 202
"../../../CanineJourney/Content/Sprites/Landscape/tileset-middle_Sprite_0.uasset" 203
"../../../CanineJourney/Content/Sprites/Landscape/tileset-middle_Sprite_1.uasset" 204
"../../../CanineJourney/Content/Sprites/Landscape/tileset-middle_Sprite_2.uasset" 205
"../../../CanineJourney/Content/StarterContent/Materials/M_Basic_Wall.uasset" 206
"../../../CanineJourney/Content/StarterContent/Architecture/Pillar_50x500.uasset" 207
"../../../CanineJourney/Content/StarterContent/Architecture/Wall_400x300.uasset" 208
"../../../CanineJourney/Content/StarterContent/Architecture/Wall_400x400.uasset" 209
"../../../CanineJourney/Content/StarterContent/Architecture/Wall_500x500.uasset" 210
"../../../CanineJourney/Content/StarterContent/Architecture/Wall_Door_400x400.uasset" 211
"../../../CanineJourney/Content/StarterContent/Architecture/Wall_Window_400x400.uasset" 212
"../../../CanineJourney/Content/StarterContent/Audio/Light01_Cue.uasset" 213
"../../../CanineJourney/Content/StarterContent/Audio/Light02_Cue.uasset" 214
"../../../CanineJourney/Content/StarterContent/Audio/Explosion_Cue.uasset" 215
"../../../CanineJourney/Content/StarterContent/Textures/T_Burst_M.uasset" 216
"../../../CanineJourney/Content/StarterContent/Particles/Materials/M_Burst.uasset" 217
"../../../CanineJourney/Content/StarterContent/Textures/T_Explosion_SubUV.uasset" 218
"../../../CanineJourney/Content/StarterContent/Particles/Materials/M_explosion_subUV.uasset" 219
"../../../CanineJourney/Content/StarterContent/Particles/Materials/m_flare_01.uasset" 220
"../../../CanineJourney/Content/StarterContent/Particles/Materials/M_radial_ramp.uasset" 221
"../../../CanineJourney/Content/StarterContent/Textures/T_Smoke_SubUV.uasset" 222
"../../../CanineJourney/Content/StarterContent/Textures/T_Smoke_Tiled_D.uasset" 223
"../../../CanineJourney/Content/StarterContent/Particles/Materials/M_smoke_subUV.uasset" 224
"../../../CanineJourney/Content/StarterContent/Particles/P_Explosion.uasset" 225
"../../../CanineJourney/Content/StarterContent/Blueprints/Blueprint_Effect_Explosion.uasset" 226
"../../../Engine/Content/EditorMeshes/ColorCalibrator/T_ColorGrid.uasset" 227
"../../../CanineJourney/Content/StarterContent/Materials/M_ColorGrid_LowSpec.uasset" 228
"../../../CanineJourney/Content/StarterContent/Textures/T_Bush_D.uasset" 229
"../../../CanineJourney/Content/StarterContent/Textures/T_Bush_N.uasset" 230
"../../../CanineJourney/Content/StarterContent/Props/Materials/M_Bush.uasset" 231
"../../../CanineJourney/Content/StarterContent/Props/SM_Bush.uasset" 232
"../../../CanineJourney/Content/StarterContent/Textures/T_Chair_M.uasset" 233
"../../../CanineJourney/Content/StarterContent/Textures/T_Chair_N.uasset" 234
"../../../CanineJourney/Content/StarterContent/Props/Materials/M_Chair.uasset" 235
"../../../CanineJourney/Content/StarterContent/Props/SM_Couch.uasset" 236
"../../../CanineJourney/Content/StarterContent/Materials/M_Glass.uasset" 237
"../../../CanineJourney/Content/StarterContent/Textures/T_Door_M.uasset" 238
"../../../CanineJourney/Content/StarterContent/Textures/T_Door_N.uasset" 239
"../../../CanineJourney/Content/StarterContent/Props/Materials/M_Door.uasset" 240
"../../../CanineJourney/Content/StarterContent/Props/SM_Door.uasset" 241
"../../../CanineJourney/Content/StarterContent/Props/Materials/M_MaterialSphere.uasset" 242
"../../../CanineJourney/Content/StarterContent/Props/Materials/M_MaterialSphere_Plain.uasset" 243
"../../../CanineJourney/Content/StarterContent/Props/SM_MatPreviewMesh_02.uasset" 244
"../../../Engine/Content/Functions/Engine_MaterialFunctions02/Utility/BlendAngleCorrectedNormals.uasset" 245
"../../../CanineJourney/Content/StarterContent/Textures/T_Detail_Rocky_N.uasset" 246
"../../../CanineJourney/Content/StarterContent/Textures/T_Rock_Basalt_D.uasset" 247
"../../../CanineJourney/Content/StarterContent/Textures/T_RockMesh_M.uasset" 248
"../../../CanineJourney/Content/StarterContent/Textures/T_RockMesh_N.uasset" 249
"../../../CanineJourney/Content/StarterContent/Props/Materials/M_Rock.uasset" 250
"../../../CanineJourney/Content/StarterContent/Props/SM_Rock.uasset" 251
"../../../CanineJourney/Content/StarterContent/Textures/T_Shelf_M.uasset" 252
"../../../CanineJourney/Content/StarterContent/Textures/T_Shelf_N.uasset" 253
"../../../CanineJourney/Content/StarterContent/Props/Materials/M_Shelf.uasset" 254
"../../../CanineJourney/Content/StarterContent/Props/SM_Shelf.uasset" 255
"../../../CanineJourney/Content/StarterContent/Materials/M_Basic_Floor.uasset" 256
"../../../CanineJourney/Content/StarterContent/Props/SM_Stairs.uasset" 257
"../../../CanineJourney/Content/StarterContent/Shapes/Shape_Cone.uasset" 258
"../../../CanineJourney/Content/StarterContent/Shapes/Shape_Cylinder.uasset" 259
"../../../CanineJourney/Content/StarterContent/Shapes/Shape_NarrowCapsule.uasset" 260
"../../../CanineJourney/Content/StarterContent/Shapes/Shape_Pipe.uasset" 261
"../../../CanineJourney/Content/StarterContent/Shapes/Shape_Pipe_180.uasset" 262
"../../../CanineJourney/Content/StarterContent/Shapes/Shape_Pipe_90.uasset" 263
"../../../CanineJourney/Content/StarterContent/Shapes/Shape_Plane.uasset" 264
"../../../CanineJourney/Content/StarterContent/Shapes/Shape_Torus.uasset" 265
"../../../CanineJourney/Content/StarterContent/Shapes/Shape_Trim.uasset" 266
"../../../CanineJourney/Content/StarterContent/Shapes/Shape_Trim_90_In.uasset" 267
"../../../CanineJourney/Content/StarterContent/Shapes/Shape_Trim_90_Out.uasset" 268
"../../../CanineJourney/Content/StarterContent/Shapes/Shape_TriPyramid.uasset" 269
"../../../CanineJourney/Content/StarterContent/Shapes/Shape_Tube.uasset" 270
"../../../CanineJourney/Content/StarterContent/Shapes/Shape_Wedge_A.uasset" 271
"../../../CanineJourney/Content/StarterContent/Shapes/Shape_Wedge_B.uasset" 272
"../../../CanineJourney/Content/StarterContent/Shapes/Shape_WideCapsule.uasset" 273
"../../../CanineJourney/Content/Textures/paw-gambling.uasset" 274
"../../../Engine/Plugins/2D/Paper2D/Content/DummySprite.uasset" 275
"../../../Engine/Plugins/2D/Paper2D/Content/DefaultPaperTerrainMaterial.uasset" 276
"../../../Engine/Plugins/2D/Paper2D/Content/DefaultSpriteMaterial.uasset" 277
"../../../Engine/Plugins/2D/Paper2D/Content/MaskedUnlitSpriteMaterial.uasset" 278
"../../../Engine/Plugins/2D/Paper2D/Content/PlaceholderTextures/DummySpriteTexture.uasset" 279
"../../../Engine/Content/EditorBlueprintResources/StandardMacros.uasset" 280
"../../../CanineJourney/Content/Textures/ball.uasset" 281
"../../../CanineJourney/Content/Sprites/Ball/ball_Sprite_0.uasset" 282
"../../../CanineJourney/Content/Sprites/Ball/ball.uasset" 283
"../../../CanineJourney/Content/Blueprints/Ball/Ball.uasset" 284
"../../../Engine/Content/EngineMaterials/OrientParticle.uasset" 285
"../../../Engine/Content/EngineMaterials/DefaultParticle.uasset" 286
"../../../CanineJourney/Content/Patricles/TrajectoryParticle.uasset" 287
"../../../CanineJourney/Content/Blueprints/Ball/Ball_TrajectoryDummy.uasset" 288
"../../../CanineJourney/Content/Textures/explosion.uasset" 289
"../../../CanineJourney/Content/Sprites/Gambling/explosion_Sprite_0.uasset" 290
"../../../CanineJourney/Content/Sprites/Gambling/explosion_Sprite_1.uasset" 291
"../../../CanineJourney/Content/Sprites/Gambling/explosion_Sprite_2.uasset" 292
"../../../CanineJourney/Content/Sprites/Gambling/explosion_Sprite_3.uasset" 293
"../../../CanineJourney/Content/Sprites/Gambling/explosion_Sprite_4.uasset" 294
"../../../CanineJourney/Content/Sprites/Gambling/explosion_Sprite_5.uasset" 295
"../../../CanineJourney/Content/Sprites/Gambling/explosion_Sprite_6.uasset" 296
"../../../CanineJourney/Content/Sprites/Gambling/explosion_Sprite_7.uasset" 297
"../../../CanineJourney/Content/Sprites/Gambling/explosion.uasset" 298
"../../../CanineJourney/Content/Blueprints/Gambling/GamblingBombExplosion.uasset" 299
"../../../CanineJourney/Content/Textures/bomb_anim.uasset" 300
"../../../CanineJourney/Content/Sprites/Gambling/bomb_anim_Sprite_0.uasset" 301
"../../../CanineJourney/Content/Sprites/Gambling/bomb_anim_Sprite_1.uasset" 302
"../../../CanineJourney/Content/Sprites/Gambling/bomb_anim_Sprite_2.uasset" 303
"../../../CanineJourney/Content/Sprites/Gambling/bomb_anim.uasset" 304
"../../../CanineJourney/Content/Blueprints/Gambling/GamblingBomb.uasset" 305
"../../../CanineJourney/Content/Blueprints/Gambling/GamblingCameraAfterShake.uasset" 306
"../../../CanineJourney/Content/Blueprints/Gambling/GamblingCameraShake.uasset" 307
"../../../CanineJourney/Content/Textures/wrench.uasset" 308
"../../../CanineJourney/Content/Sprites/Gambling/wrench_Sprite_0.uasset" 309
"../../../CanineJourney/Content/Sprites/Gambling/wrench.uasset" 310
"../../../CanineJourney/Content/Blueprints/Gambling/GamblingWrench.uasset" 311
"../../../CanineJourney/Content/Blueprints/Pickables/PickableBase.uasset" 312
"../../../CanineJourney/Content/Textures/heart-anim.uasset" 313
"../../../CanineJourney/Content/Sprites/Gambling/heart-anim_Sprite_0.uasset" 314
"../../../CanineJourney/Content/Sprites/Gambling/heart-anim_Sprite_1.uasset" 315
"../../../CanineJourney/Content/Sprites/Gambling/heart-anim_Sprite_2.uasset" 316
"../../../CanineJourney/Content/Sprites/Gambling/heart-anim_Sprite_3.uasset" 317
"../../../CanineJourney/Content/Sprites/Gambling/heart-anim_Sprite_4.uasset" 318
"../../../CanineJourney/Content/Sprites/Gambling/heart-anim_Sprite_5.uasset" 319
"../../../CanineJourney/Content/Sprites/Gambling/heart-anim.uasset" 320
"../../../CanineJourney/Content/Textures/coin.uasset" 321
"../../../CanineJourney/Content/Sprites/Coin/coin_Sprite_0.uasset" 322
"../../../CanineJourney/Content/Textures/heart-damaged.uasset" 323
"../../../CanineJourney/Content/Textures/paw-health_damaged.uasset" 324
"../../../CanineJourney/Content/UI/HealthWidget.uasset" 325
"../../../CanineJourney/Content/Blueprints/Pickables/Heart.uasset" 326
"../../../CanineJourney/Content/Blueprints/Pickables/Heart_Drop.uasset" 327
"../../../CanineJourney/Content/Textures/paw-anim.uasset" 328
"../../../CanineJourney/Content/Sprites/Gambling/paw-anim_Sprite_0.uasset" 329
"../../../CanineJourney/Content/Sprites/Gambling/paw-anim_Sprite_1.uasset" 330
"../../../CanineJourney/Content/Sprites/Gambling/paw-anim_Sprite_2.uasset" 331
"../../../CanineJourney/Content/Sprites/Gambling/paw-anim_Sprite_3.uasset" 332
"../../../CanineJourney/Content/Sprites/Gambling/paw-anim_Sprite_4.uasset" 333
"../../../CanineJourney/Content/Sprites/Gambling/paw-anim_Sprite_5.uasset" 334
"../../../CanineJourney/Content/Sprites/Gambling/paw-anim.uasset" 335
"../../../CanineJourney/Content/Blueprints/Pickables/Paw.uasset" 336
"../../../CanineJourney/Content/Blueprints/Pickables/Paw_Drop.uasset" 337
"../../../CanineJourney/Content/Sounds/slot_machine_coins.uasset" 338
"../../../CanineJourney/Content/Sounds/slot_machine_drums.uasset" 339
"../../../CanineJourney/Content/Sounds/slot_machine_puller.uasset" 340
"../../../CanineJourney/Content/Textures/gambling-machine.uasset" 341
"../../../CanineJourney/Content/Sprites/Gambling/gambling-machine_Sprite_0.uasset" 342
"../../../CanineJourney/Content/Sprites/Gambling/gambling-machine.uasset" 343
"../../../CanineJourney/Content/Textures/gambling-machine_activate.uasset" 344
"../../../CanineJourney/Content/Sprites/Gambling/gambling-machine_activate_Sprite_0.uasset" 345
"../../../CanineJourney/Content/Sprites/Gambling/gambling-machine_activate_Sprite_1.uasset" 346
"../../../CanineJourney/Content/Sprites/Gambling/gambling-machine_activate_Sprite_2.uasset" 347
"../../../CanineJourney/Content/Sprites/Gambling/gambling-machine_activate_Sprite_3.uasset" 348
"../../../CanineJourney/Content/Sprites/Gambling/gambling-machine_activate.uasset" 349
"../../../CanineJourney/Content/Textures/R-button.uasset" 350
"../../../CanineJourney/Content/Sprites/Gambling/R-button_Sprite_0.uasset" 351
"../../../CanineJourney/Content/Sprites/Gambling/R-button.uasset" 352
"../../../CanineJourney/Content/Textures/bomb-gambling.uasset" 353
"../../../CanineJourney/Content/Textures/cherry-gambling.uasset" 354
"../../../CanineJourney/Content/UI/GamblingWidget.uasset" 355
"../../../CanineJourney/Content/Blueprints/Gambling/GamblingMachine.uasset" 356
"../../../CanineJourney/Content/Sprites/Coin/coin_Sprite_1.uasset" 357
"../../../CanineJourney/Content/Sprites/Coin/coin_Sprite_2.uasset" 358
"../../../CanineJourney/Content/Sprites/Coin/coin_Sprite_3.uasset" 359
"../../../CanineJourney/Content/Sprites/Coin/coin_Sprite_4.uasset" 360
"../../../CanineJourney/Content/Sprites/Coin/coin_Sprite_5.uasset" 361
"../../../CanineJourney/Content/Sprites/Coin/coin_anim.uasset" 362
"../../../CanineJourney/Content/Blueprints/Pickables/Coin.uasset" 363
"../../../CanineJourney/Content/Blueprints/Characters/HumanState.uasset" 364
"../../../CanineJourney/Content/Textures/arrow-throw.uasset" 365
"../../../CanineJourney/Content/Sprites/Arrow/arrow-throw_Sprite_0.uasset" 366
"../../../CanineJourney/Content/Sprites/Arrow/arrow-throw.uasset" 367
"../../../CanineJourney/Content/Sprites/CharacterHuman/Character_Sprite_Idle_0.uasset" 368
"../../../CanineJourney/Content/Sprites/CharacterHuman/Character_Sprite_Idle_1.uasset" 369
"../../../CanineJourney/Content/Sprites/CharacterHuman/Character_Sprite_Idle_2.uasset" 370
"../../../CanineJourney/Content/Sprites/CharacterHuman/Character_Sprite_Idle.uasset" 371
"../../../CanineJourney/Content/Sprites/CharacterHuman/Character_Sprite_Jump_4.uasset" 372
"../../../CanineJourney/Content/Sprites/CharacterHuman/Character_Sprite_Jump.uasset" 373
"../../../CanineJourney/Content/Sprites/CharacterHuman/Character_Sprite_Run_0.uasset" 374
"../../../CanineJourney/Content/Sprites/CharacterHuman/Character_Sprite_Run_1.uasset" 375
"../../../CanineJourney/Content/Sprites/CharacterHuman/Character_Sprite_Run_2.uasset" 376
"../../../CanineJourney/Content/Sprites/CharacterHuman/Character_Sprite_Run.uasset" 377
"../../../CanineJourney/Content/Textures/chat-circle.uasset" 378
"../../../CanineJourney/Content/UI/DialogWidget.uasset" 379
"../../../CanineJourney/Content/Blueprints/Characters/HumanCharacter.uasset" 380
"../../../CanineJourney/Content/UI/DeathWidget.uasset" 381
"../../../CanineJourney/Content/UI/MainMenuWidget.uasset" 382
"../../../CanineJourney/Content/UI/PlayWidget.uasset" 383
"../../../CanineJourney/Content/Blueprints/AllLevels/GameInfoInstance.uasset" 384
"../../../CanineJourney/Content/Blueprints/Characters/DogController.uasset" 385
"../../../CanineJourney/Content/Blueprints/Enemy/EnemyBase.uasset" 386
"../../../CanineJourney/Content/Blueprints/Enemy/EnemyBigController.uasset" 387
"../../../CanineJourney/Content/Blueprints/Enemy/EnemyState.uasset" 388
"../../../CanineJourney/Content/Blueprints/Enemy/EnemyBig.uasset" 389
"../../../CanineJourney/Content/Textures/cloud-2.uasset" 390
"../../../CanineJourney/Content/Sprites/CharacterDog/cloud-2_Sprite_0.uasset" 391
"../../../CanineJourney/Content/Sprites/CharacterDog/cloud-2.uasset" 392
"../../../CanineJourney/Content/Textures/skull.uasset" 393
"../../../CanineJourney/Content/Sprites/CharacterDog/skull_Sprite_0.uasset" 394
"../../../CanineJourney/Content/Sprites/CharacterDog/skull.uasset" 395
"../../../CanineJourney/Content/Blueprints/Characters/DogCharacter.uasset" 396
"../../../CanineJourney/Content/Blueprints/Enemy/EnemySmall.uasset" 397
"../../../Engine/Content/EngineSky/C_Sky_Cloud_Color.uasset" 398
"../../../Engine/Content/EngineSky/C_Sky_Horizon_Color.uasset" 399
"../../../Engine/Content/EngineSky/C_Sky_Zenith_Color.uasset" 400
"../../../Engine/Content/EngineSky/T_Sky_Blue.uasset" 401
"../../../Engine/Content/EngineSky/T_Sky_Clouds_M.uasset" 402
"../../../Engine/Content/EngineSky/T_Sky_Stars.uasset" 403
"../../../Engine/Content/EngineSky/M_Sky_Panning_Clouds2.uasset" 404
"../../../Engine/Content/EngineSky/SM_SkySphere.uasset" 405
"../../../Engine/Content/EngineSky/BP_Sky_Sphere.uasset" 406
"../../../CanineJourney/Content/Textures/gate.uasset" 407
"../../../CanineJourney/Content/Sprites/Gate/gate_Sprite_0.uasset" 408
"../../../CanineJourney/Content/Sprites/Gate/gate.uasset" 409
"../../../CanineJourney/Content/Blueprints/Buttons/Gate.uasset" 410
"../../../CanineJourney/Content/Blueprints/Buttons/SpikeState.uasset" 411
"../../../CanineJourney/Content/Textures/spike.uasset" 412
"../../../CanineJourney/Content/Sprites/Spike/spike_Sprite_0.uasset" 413
"../../../CanineJourney/Content/Sprites/Spike/spike_Sprite_1.uasset" 414
"../../../CanineJourney/Content/Sprites/Spike/spike_Sprite_2.uasset" 415
"../../../CanineJourney/Content/Sprites/Spike/spike_Sprite_3.uasset" 416
"../../../CanineJourney/Content/Sprites/Spike/spike_Sprite_4.uasset" 417
"../../../CanineJourney/Content/Sprites/Spike/spike_Sprite_5.uasset" 418
"../../../CanineJourney/Content/Sprites/Spike/spike_Sprite_6.uasset" 419
"../../../CanineJourney/Content/Sprites/Spike/spike.uasset" 420
"../../../CanineJourney/Content/Sprites/Spike/spike_close.uasset" 421
"../../../CanineJourney/Content/Sprites/Spike/spike_closed.uasset" 422
"../../../CanineJourney/Content/Sprites/Spike/spike_opened.uasset" 423
"../../../CanineJourney/Content/Blueprints/Buttons/Spike.uasset" 424
"../../../Engine/Content/BasicShapes/BasicShapeMaterial.uasset" 425
"../../../Engine/Content/BasicShapes/Cube.uasset" 426
"../../../CanineJourney/Content/Blueprints/Buttons/Button.uasset" 427
"../../../CanineJourney/Content/Blueprints/Characters/CanineJourneyGM.uasset" 428
"../../../CanineJourney/Content/Blueprints/Gambling/GamblingActivateArea.uasset" 429
"../../../CanineJourney/Content/Textures/key.uasset" 430
"../../../CanineJourney/Content/Sprites/Key/key_Sprite_0.uasset" 431
"../../../CanineJourney/Content/Sprites/Key/key.uasset" 432
"../../../CanineJourney/Content/Blueprints/Pickables/Key.uasset" 433
"../../../CanineJourney/Content/Maps/Level_test_BuiltData.uasset" 434
"../../../Engine/Content/Functions/Engine_MaterialFunctions01/Gradient/LinearGradient.uasset" 435
"../../../Engine/Content/Functions/Engine_MaterialFunctions01/ImageAdjustment/CheapContrast.uasset" 436
"../../../Engine/Content/Functions/Engine_MaterialFunctions01/Texturing/WorldAlignedTexture.uasset" 437
"../../../CanineJourney/Content/Textures/tileset-single.uasset" 438
"../../../CanineJourney/Content/Materials/tileset-single_Mat.uasset" 439
"../../../Engine/Content/MapTemplates/SM_Template_Map_Floor.uasset" 440
"../../../CanineJourney/Content/Textures/sign-1.uasset" 441
"../../../CanineJourney/Content/Sprites/Signs/sign-1_Sprite_0.uasset" 442
"../../../CanineJourney/Content/Textures/sign-2.uasset" 443
"../../../CanineJourney/Content/Sprites/Signs/sign-2_Sprite_0.uasset" 444
"../../../CanineJourney/Content/Textures/sign-3.uasset" 445
"../../../CanineJourney/Content/Sprites/Signs/sign-3_Sprite_0.uasset" 446
"../../../CanineJourney/Content/Textures/sign-4.uasset" 447
"../../../CanineJourney/Content/Sprites/Signs/sign-4_Sprite_0.uasset" 448
"../../../CanineJourney/Content/Maps/Level_test.umap" 449
"../../../CanineJourney/Content/2DSideScroller/Textures/2DCharacter_IdleAnimAtlas.uasset" 450
"../../../CanineJourney/Content/2DSideScroller/Sprites/IdleFrames/IdleCycle1.uasset" 451
"../../../CanineJourney/Content/2DSideScroller/Sprites/IdleFrames/IdleCycle2.uasset" 452
"../../../CanineJourney/Content/2DSideScroller/Sprites/IdleFrames/IdleCycle3.uasset" 453
"../../../CanineJourney/Content/2DSideScroller/Sprites/IdleFrames/IdleCycle4.uasset" 454
"../../../CanineJourney/Content/2DSideScroller/Sprites/IdleFrames/IdleCycle5.uasset" 455
"../../../CanineJourney/Content/2DSideScroller/Sprites/IdleFrames/IdleCycle6.uasset" 456
"../../../CanineJourney/Content/2DSideScroller/Sprites/IdleFrames/IdleCycle7.uasset" 457
"../../../CanineJourney/Content/2DSideScroller/Sprites/IdleFrames/IdleCycle8.uasset" 458
"../../../CanineJourney/Content/2DSideScroller/Sprites/IdleAnimation.uasset" 459
"../../../CanineJourney/Content/2DSideScroller/Textures/2DCharacter_RunAnimAtlas.uasset" 460
"../../../CanineJourney/Content/2DSideScroller/Sprites/RunFrames/RunCycle_1.uasset" 461
"../../../CanineJourney/Content/2DSideScroller/Sprites/RunFrames/RunCycle_10.uasset" 462
"../../../CanineJourney/Content/2DSideScroller/Sprites/RunFrames/RunCycle_11.uasset" 463
"../../../CanineJourney/Content/2DSideScroller/Sprites/RunFrames/RunCycle_12.uasset" 464
"../../../CanineJourney/Content/2DSideScroller/Sprites/RunFrames/RunCycle_13.uasset" 465
"../../../CanineJourney/Content/2DSideScroller/Sprites/RunFrames/RunCycle_14.uasset" 466
"../../../CanineJourney/Content/2DSideScroller/Sprites/RunFrames/RunCycle_15.uasset" 467
"../../../CanineJourney/Content/2DSideScroller/Sprites/RunFrames/RunCycle_16.uasset" 468
"../../../CanineJourney/Content/2DSideScroller/Sprites/RunFrames/RunCycle_2.uasset" 469
"../../../CanineJourney/Content/2DSideScroller/Sprites/RunFrames/RunCycle_3.uasset" 470
"../../../CanineJourney/Content/2DSideScroller/Sprites/RunFrames/RunCycle_4.uasset" 471
"../../../CanineJourney/Content/2DSideScroller/Sprites/RunFrames/RunCycle_5.uasset" 472
"../../../CanineJourney/Content/2DSideScroller/Sprites/RunFrames/RunCycle_6.uasset" 473
"../../../CanineJourney/Content/2DSideScroller/Sprites/RunFrames/RunCycle_7.uasset" 474
"../../../CanineJourney/Content/2DSideScroller/Sprites/RunFrames/RunCycle_8.uasset" 475
"../../../CanineJourney/Content/2DSideScroller/Sprites/RunFrames/RunCycle_9.uasset" 476
"../../../CanineJourney/Content/2DSideScroller/Sprites/RunningAnimation.uasset" 477
"../../../CanineJourney/Content/2DSideScrollerBP/Blueprints/2DSideScrollerCharacter.uasset" 478
"../../../CanineJourney/Content/2DSideScrollerBP/Blueprints/2DSideScrollerGameMode.uasset" 479
"../../../CanineJourney/Content/2DSideScrollerBP/Maps/2DSideScrollerExampleMap_BuiltData.uasset" 480
"../../../Engine/Content/MapTemplates/Bokeh_5Sides.uasset" 481
"../../../Engine/Content/MapTemplates/T_ScreenDirt02_w.uasset" 482
"../../../Engine/Plugins/2D/Paper2D/Content/OpaqueUnlitSpriteMaterial.uasset" 483
"../../../CanineJourney/Content/2DSideScroller/Textures/2DBackground.uasset" 484
"../../../CanineJourney/Content/2DSideScroller/Sprites/Background_Sprite.uasset" 485
"../../../CanineJourney/Content/2DSideScroller/Textures/2DBackgroundBlockAtlas.uasset" 486
"../../../CanineJourney/Content/2DSideScroller/Sprites/Ledge.uasset" 487
"../../../CanineJourney/Content/2DSideScrollerBP/Maps/2DSideScrollerExampleMap.umap" 488
"../../../CanineJourney/Content/Blueprints/Platforms/BlinkingPlatform.uasset" 489
"../../../CanineJourney/Content/Blueprints/Platforms/FadingPlatform.uasset" 490
"../../../CanineJourney/Content/Blueprints/Platforms/MovingPlatform.uasset" 491
"../../../CanineJourney/Content/Maps/Level_1_BuiltData.uasset" 492
"../../../CanineJourney/Content/StarterContent/Textures/T_Brick_Clay_New_D.uasset" 493
"../../../CanineJourney/Content/StarterContent/Textures/T_Brick_Clay_New_M.uasset" 494
"../../../CanineJourney/Content/StarterContent/Textures/T_Brick_Clay_New_N.uasset" 495
"../../../CanineJourney/Content/StarterContent/Textures/T_MacroVariation.uasset" 496
"../../../CanineJourney/Content/StarterContent/Materials/M_Brick_Clay_New.uasset" 497
"../../../CanineJourney/Content/Maps/Level_1.umap" 498
"../../../CanineJourney/Content/Maps/Level_2_BuiltData.uasset" 499
"../../../CanineJourney/Content/Maps/Level_2.umap" 500
"../../../Engine/Content/Maps/Entry.umap" 501
"../../../CanineJourney/Content/Blueprints/MainMenu/MainMenuCharacter.uasset" 502
"../../../CanineJourney/Content/Blueprints/MainMenu/MainMenuPC.uasset" 503
"../../../CanineJourney/Content/Blueprints/MainMenu/MainMenuGM.uasset" 504
"../../../CanineJourney/Content/Maps/MainMenu.umap" 505
"../../../CanineJourney/Content/StarterContent/Blueprints/Assets/FogBrightnessLUT.uasset" 506
"../../../CanineJourney/Content/StarterContent/Blueprints/Assets/SunlightColorLUT.uasset" 507
"../../../CanineJourney/Content/StarterContent/Blueprints/Assets/M_LightStage_Arrows.uasset" 508
"../../../Engine/Content/MapTemplates/Sky/DaylightAmbientCubemap.uasset" 509
"../../../CanineJourney/Content/StarterContent/Blueprints/Assets/M_LightStage_Skybox_Master.uasset" 510
"../../../CanineJourney/Content/StarterContent/Blueprints/Assets/M_LightStage_Skybox_Black.uasset" 511
"../../../CanineJourney/Content/StarterContent/Blueprints/Assets/M_LightStage_Skybox_HDRI.uasset" 512
"../../../Engine/Content/EditorMaterials/Thumbnails/SkySphereMaterial.uasset" 513
"../../../CanineJourney/Content/StarterContent/Blueprints/Assets/Skybox.uasset" 514
"../../../CanineJourney/Content/StarterContent/Blueprints/Assets/SM_Arrows.uasset" 515
"../../../CanineJourney/Content/StarterContent/HDRI/HDRI_Epic_Courtyard_Daylight.uasset" 516
"../../../CanineJourney/Content/StarterContent/Blueprints/BP_LightStudio.uasset" 517
"../../../CanineJourney/Content/StarterContent/Maps/Advanced_Lighting_BuiltData.uasset" 518
"../../../CanineJourney/Content/StarterContent/Materials/M_AssetPlatform.uasset" 519
"../../../Engine/Content/EditorMeshes/ColorCalibrator/M_ChromeBall.uasset" 520
"../../../Engine/Content/EditorMeshes/ColorCalibrator/M_ClearCoat.uasset" 521
"../../../Engine/Content/EditorMeshes/ColorCalibrator/M_ClearCoatBlack.uasset" 522
"../../../Engine/Content/EditorMeshes/ColorCalibrator/M_ColorGrid.uasset" 523
"../../../Engine/Content/EditorMeshes/ColorCalibrator/M_GreyBall.uasset" 524
"../../../Engine/Content/EditorMeshes/ColorCalibrator/SM_ColorCalibrator.uasset" 525
"../../../CanineJourney/Content/StarterContent/Architecture/SM_AssetPlatform.uasset" 526
"../../../CanineJourney/Content/StarterContent/Maps/Advanced_Lighting.umap" 527
"../../../CanineJourney/Content/StarterContent/Maps/Minimal_Default_BuiltData.uasset" 528
"../../../CanineJourney/Content/StarterContent/Materials/M_Metal_Brushed_Nickel.uasset" 529
"../../../CanineJourney/Content/StarterContent/Textures/T_Metal_Aluminum_D.uasset" 530
"../../../CanineJourney/Content/StarterContent/Textures/T_Metal_Gold_N.uasset" 531
"../../../CanineJourney/Content/StarterContent/Materials/M_Metal_Burnished_Steel.uasset" 532
"../../../CanineJourney/Content/StarterContent/Textures/T_Metal_Copper_D.uasset" 533
"../../../CanineJourney/Content/StarterContent/Materials/M_Metal_Copper.uasset" 534
"../../../CanineJourney/Content/StarterContent/Textures/T_Statue_M.uasset" 535
"../../../CanineJourney/Content/StarterContent/Textures/T_Statue_N.uasset" 536
"../../../CanineJourney/Content/StarterContent/Props/Materials/M_StatueGlass.uasset" 537
"../../../CanineJourney/Content/StarterContent/Architecture/Floor_400x400.uasset" 538
"../../../CanineJourney/Content/StarterContent/Audio/Starter_Background_Cue.uasset" 539
"../../../CanineJourney/Content/StarterContent/Props/SM_Chair.uasset" 540
"../../../CanineJourney/Content/StarterContent/Props/Materials/M_Statue.uasset" 541
"../../../CanineJourney/Content/StarterContent/Props/SM_Statue.uasset" 542
"../../../CanineJourney/Content/StarterContent/Textures/T_TableRound_M.uasset" 543
"../../../CanineJourney/Content/StarterContent/Textures/T_TableRound_N.uasset" 544
"../../../CanineJourney/Content/StarterContent/Props/Materials/M_TableRound.uasset" 545
"../../../CanineJourney/Content/StarterContent/Props/SM_TableRound.uasset" 546
"../../../CanineJourney/Content/StarterContent/Maps/Minimal_Default.umap" 547
"../../../CanineJourney/Content/StarterContent/Audio/Fire01_Cue.uasset" 548
"../../../CanineJourney/Content/StarterContent/Textures/T_Fire_SubUV.uasset" 549
"../../../CanineJourney/Content/StarterContent/Textures/T_Fire_Tiled_D.uasset" 550
"../../../CanineJourney/Content/StarterContent/Particles/Materials/M_Fire_SubUV.uasset" 551
"../../../CanineJourney/Content/StarterContent/Textures/T_Water_N.uasset" 552
"../../../CanineJourney/Content/StarterContent/Particles/Materials/M_Heat_Distortion.uasset" 553
"../../../CanineJourney/Content/StarterContent/Particles/Materials/M_Radial_Gradient.uasset" 554
"../../../CanineJourney/Content/StarterContent/Particles/P_Fire.uasset" 555
"../../../CanineJourney/Content/StarterContent/Blueprints/Blueprint_Effect_Fire.uasset" 556
"../../../CanineJourney/Content/StarterContent/Audio/Smoke01_Cue.uasset" 557
"../../../CanineJourney/Content/StarterContent/Particles/P_Smoke.uasset" 558
"../../../CanineJourney/Content/StarterContent/Blueprints/Blueprint_Effect_Smoke.uasset" 559
"../../../CanineJourney/Content/StarterContent/Audio/Fire_Sparks01_Cue.uasset" 560
"../../../CanineJourney/Content/StarterContent/Textures/T_Spark_Core.uasset" 561
"../../../CanineJourney/Content/StarterContent/Particles/Materials/M_Spark.uasset" 562
"../../../CanineJourney/Content/StarterContent/Particles/P_Sparks.uasset" 563
"../../../CanineJourney/Content/StarterContent/Blueprints/Blueprint_Effect_Sparks.uasset" 564
"../../../CanineJourney/Content/StarterContent/Audio/Steam01_Cue.uasset" 565
"../../../CanineJourney/Content/StarterContent/Particles/P_Steam_Lit.uasset" 566
"../../../CanineJourney/Content/StarterContent/Blueprints/Blueprint_Effect_Steam.uasset" 567
"../../../CanineJourney/Content/StarterContent/Textures/T_Lamp_M.uasset" 568
"../../../CanineJourney/Content/StarterContent/Textures/T_Lamp_N.uasset" 569
"../../../CanineJourney/Content/StarterContent/Props/Materials/M_Lamp.uasset" 570
"../../../CanineJourney/Content/StarterContent/Props/SM_Lamp_Ceiling.uasset" 571
"../../../CanineJourney/Content/StarterContent/Blueprints/Blueprint_CeilingLight.uasset" 572
"../../../CanineJourney/Content/StarterContent/Props/SM_Lamp_Wall.uasset" 573
"../../../CanineJourney/Content/StarterContent/Blueprints/Blueprint_WallSconce.uasset" 574
"../../../CanineJourney/Content/StarterContent/Maps/StarterMap_BuiltData.uasset" 575
"../../../Engine/Content/Functions/Engine_MaterialFunctions03/Procedurals/ComputeFilterWidth.uasset" 576
"../../../Engine/Content/EngineMaterials/AntiAliasedTextMaterialTranslucent.uasset" 577
"../../../CanineJourney/Content/StarterContent/Textures/T_Brick_Clay_Beveled_D.uasset" 578
"../../../CanineJourney/Content/StarterContent/Textures/T_Brick_Clay_Beveled_M.uasset" 579
"../../../CanineJourney/Content/StarterContent/Textures/T_Brick_Clay_Beveled_N.uasset" 580
"../../../CanineJourney/Content/StarterContent/Materials/M_Brick_Clay_Beveled.uasset" 581
"../../../CanineJourney/Content/StarterContent/Textures/T_Brick_Clay_Old_D.uasset" 582
"../../../CanineJourney/Content/StarterContent/Textures/T_Brick_Clay_Old_N.uasset" 583
"../../../CanineJourney/Content/StarterContent/Textures/T_Perlin_Noise_M.uasset" 584
"../../../CanineJourney/Content/StarterContent/Materials/M_Brick_Clay_Old.uasset" 585
"../../../CanineJourney/Content/StarterContent/Textures/T_Brick_Cut_Stone_D.uasset" 586
"../../../CanineJourney/Content/StarterContent/Textures/T_Brick_Cut_Stone_N.uasset" 587
"../../../CanineJourney/Content/StarterContent/Materials/M_Brick_Cut_Stone.uasset" 588
"../../../CanineJourney/Content/StarterContent/Textures/T_Brick_Hewn_Stone_D.uasset" 589
"../../../CanineJourney/Content/StarterContent/Textures/T_Brick_Hewn_Stone_M.uasset" 590
"../../../CanineJourney/Content/StarterContent/Textures/T_Brick_Hewn_Stone_N.uasset" 591
"../../../CanineJourney/Content/StarterContent/Materials/M_Brick_Hewn_Stone.uasset" 592
"../../../CanineJourney/Content/StarterContent/Textures/T_Ceramic_Tile_M.uasset" 593
"../../../CanineJourney/Content/StarterContent/Textures/T_Ceramic_Tile_N.uasset" 594
"../../../CanineJourney/Content/StarterContent/Textures/T_Rock_Marble_Polished_D.uasset" 595
"../../../CanineJourney/Content/StarterContent/Materials/M_Ceramic_Tile_Checker.uasset" 596
"../../../CanineJourney/Content/StarterContent/Textures/T_CobbleStone_Pebble_D.uasset" 597
"../../../CanineJourney/Content/StarterContent/Textures/T_CobbleStone_Pebble_M.uasset" 598
"../../../CanineJourney/Content/StarterContent/Textures/T_CobbleStone_Pebble_N.uasset" 599
"../../../CanineJourney/Content/StarterContent/Materials/M_CobbleStone_Pebble.uasset" 600
"../../../CanineJourney/Content/StarterContent/Textures/T_CobbleStone_Rough_D.uasset" 601
"../../../CanineJourney/Content/StarterContent/Textures/T_CobbleStone_Rough_N.uasset" 602
"../../../CanineJourney/Content/StarterContent/Textures/T_Gradinet_01.uasset" 603
"../../../CanineJourney/Content/StarterContent/Textures/T_Rock_Smooth_Granite_D.uasset" 604
"../../../CanineJourney/Content/StarterContent/Materials/M_CobbleStone_Rough.uasset" 605
"../../../CanineJourney/Content/StarterContent/Textures/T_CobbleStone_Smooth_D.uasset" 606
"../../../CanineJourney/Content/StarterContent/Textures/T_CobbleStone_Smooth_M.uasset" 607
"../../../CanineJourney/Content/StarterContent/Textures/T_CobbleStone_Smooth_N.uasset" 608
"../../../CanineJourney/Content/StarterContent/Materials/M_CobbleStone_Smooth.uasset" 609
"../../../CanineJourney/Content/StarterContent/Textures/T_Concrete_Grime_D.uasset" 610
"../../../CanineJourney/Content/StarterContent/Textures/T_Metal_Rust_N.uasset" 611
"../../../CanineJourney/Content/StarterContent/Materials/M_Concrete_Grime.uasset" 612
"../../../CanineJourney/Content/StarterContent/Textures/T_Concrete_Panels_D.uasset" 613
"../../../CanineJourney/Content/StarterContent/Textures/T_Concrete_Panels_N.uasset" 614
"../../../CanineJourney/Content/StarterContent/Materials/M_Concrete_Panels.uasset" 615
"../../../CanineJourney/Content/StarterContent/Textures/T_Concrete_Poured_D.uasset" 616
"../../../CanineJourney/Content/StarterContent/Textures/T_Concrete_Poured_N.uasset" 617
"../../../CanineJourney/Content/StarterContent/Materials/M_Concrete_Poured.uasset" 618
"../../../CanineJourney/Content/StarterContent/Textures/T_Concrete_Tiles_D.uasset" 619
"../../../CanineJourney/Content/StarterContent/Textures/T_Concrete_Tiles_M.uasset" 620
"../../../CanineJourney/Content/StarterContent/Textures/T_Concrete_Tiles_N.uasset" 621
"../../../CanineJourney/Content/StarterContent/Textures/T_Concrete_Tiles_Variation_M.uasset" 622
"../../../CanineJourney/Content/StarterContent/Materials/M_Concrete_Tiles.uasset" 623
"../../../CanineJourney/Content/StarterContent/Textures/T_Ground_Grass_D.uasset" 624
"../../../CanineJourney/Content/StarterContent/Textures/T_Ground_Grass_N.uasset" 625
"../../../CanineJourney/Content/StarterContent/Materials/M_Ground_Grass.uasset" 626
"../../../CanineJourney/Content/StarterContent/Textures/T_Ground_Gravel_D.uasset" 627
"../../../CanineJourney/Content/StarterContent/Textures/T_Ground_Gravel_N.uasset" 628
"../../../CanineJourney/Content/StarterContent/Materials/M_Ground_Gravel.uasset" 629
"../../../CanineJourney/Content/StarterContent/Textures/T_ground_Moss_D.uasset" 630
"../../../CanineJourney/Content/StarterContent/Textures/T_Ground_Moss_N.uasset" 631
"../../../CanineJourney/Content/StarterContent/Materials/M_Ground_Moss.uasset" 632
"../../../CanineJourney/Content/StarterContent/Materials/M_Metal_Chrome.uasset" 633
"../../../CanineJourney/Content/StarterContent/Textures/T_Metal_Gold_D.uasset" 634
"../../../CanineJourney/Content/StarterContent/Materials/M_Metal_Gold.uasset" 635
"../../../CanineJourney/Content/StarterContent/Textures/T_Metal_Rust_D.uasset" 636
"../../../CanineJourney/Content/StarterContent/Materials/M_Metal_Rust.uasset" 637
"../../../CanineJourney/Content/StarterContent/Textures/T_Metal_Steel_D.uasset" 638
"../../../CanineJourney/Content/StarterContent/Textures/T_Metal_Steel_N.uasset" 639
"../../../CanineJourney/Content/StarterContent/Materials/M_Metal_Steel.uasset" 640
"../../../CanineJourney/Content/StarterContent/Textures/T_Rock_Basalt_N.uasset" 641
"../../../CanineJourney/Content/StarterContent/Materials/M_Rock_Basalt.uasset" 642
"../../../CanineJourney/Content/StarterContent/Materials/M_Rock_Marble_Polished.uasset" 643
"../../../CanineJourney/Content/StarterContent/Textures/T_Rock_Sandstone_D.uasset" 644
"../../../CanineJourney/Content/StarterContent/Textures/T_Rock_Sandstone_N.uasset" 645
"../../../CanineJourney/Content/StarterContent/Materials/M_Rock_Sandstone.uasset" 646
"../../../CanineJourney/Content/StarterContent/Textures/T_Rock_Slate_D.uasset" 647
"../../../CanineJourney/Content/StarterContent/Textures/T_Rock_Slate_N.uasset" 648
"../../../CanineJourney/Content/StarterContent/Materials/M_Rock_Slate.uasset" 649
"../../../CanineJourney/Content/StarterContent/Textures/T_Checker_Noise_M.uasset" 650
"../../../CanineJourney/Content/StarterContent/Textures/T_Single_Tile_N.uasset" 651
"../../../CanineJourney/Content/StarterContent/Textures/T_Tech_Dot_M.uasset" 652
"../../../CanineJourney/Content/StarterContent/Textures/T_Tech_Dot_N.uasset" 653
"../../../CanineJourney/Content/StarterContent/Materials/M_Tech_Checker_Dot.uasset" 654
"../../../CanineJourney/Content/StarterContent/Textures/T_Tech_Hex_Tile_M.uasset" 655
"../../../CanineJourney/Content/StarterContent/Textures/T_Tech_Hex_Tile_N.uasset" 656
"../../../CanineJourney/Content/StarterContent/Materials/M_Tech_Hex_Tile.uasset" 657
"../../../CanineJourney/Content/StarterContent/Materials/M_Tech_Hex_Tile_Pulse.uasset" 658
"../../../CanineJourney/Content/StarterContent/Textures/T_Tech_Panel_M.uasset" 659
"../../../CanineJourney/Content/StarterContent/Textures/T_Tech_Panel_N.uasset" 660
"../../../CanineJourney/Content/StarterContent/Materials/M_Tech_Panel.uasset" 661
"../../../CanineJourney/Content/StarterContent/Materials/M_Water_Lake.uasset" 662
"../../../CanineJourney/Content/StarterContent/Textures/T_Water_M.uasset" 663
"../../../CanineJourney/Content/StarterContent/Materials/M_Water_Ocean.uasset" 664
"../../../CanineJourney/Content/StarterContent/Textures/T_Wood_Floor_Walnut_D.uasset" 665
"../../../CanineJourney/Content/StarterContent/Textures/T_Wood_Floor_Walnut_M.uasset" 666
"../../../CanineJourney/Content/StarterContent/Textures/T_Wood_Floor_Walnut_N.uasset" 667
"../../../CanineJourney/Content/StarterContent/Materials/M_Wood_Floor_Walnut_Polished.uasset" 668
"../../../Engine/Content/Functions/Engine_MaterialFunctions01/Opacity/AlphaOffset.uasset" 669
"../../../CanineJourney/Content/StarterContent/Materials/M_Wood_Floor_Walnut_Worn.uasset" 670
"../../../CanineJourney/Content/StarterContent/Textures/T_Wood_Oak_D.uasset" 671
"../../../CanineJourney/Content/StarterContent/Textures/T_Wood_Oak_N.uasset" 672
"../../../CanineJourney/Content/StarterContent/Materials/M_Wood_Oak.uasset" 673
"../../../CanineJourney/Content/StarterContent/Textures/T_Wood_Pine_D.uasset" 674
"../../../CanineJourney/Content/StarterContent/Textures/T_Wood_Pine_N.uasset" 675
"../../../CanineJourney/Content/StarterContent/Materials/M_Wood_Pine.uasset" 676
"../../../CanineJourney/Content/StarterContent/Textures/T_Wood_Walnut_D.uasset" 677
"../../../CanineJourney/Content/StarterContent/Textures/T_Wood_Walnut_N.uasset" 678
"../../../CanineJourney/Content/StarterContent/Materials/M_Wood_Walnut.uasset" 679
"../../../CanineJourney/Content/StarterContent/Architecture/Wall_400x200.uasset" 680
"../../../CanineJourney/Content/StarterContent/Architecture/Wall_Door_400x300.uasset" 681
"../../../CanineJourney/Content/StarterContent/Architecture/Wall_Window_400x300.uasset" 682
"../../../CanineJourney/Content/StarterContent/Audio/Collapse_Cue.uasset" 683
"../../../CanineJourney/Content/StarterContent/Audio/Starter_Music_Cue.uasset" 684
"../../../CanineJourney/Content/StarterContent/Textures/T_Dust_Particle_D.uasset" 685
"../../../CanineJourney/Content/StarterContent/Particles/Materials/M_Dust_Particle.uasset" 686
"../../../CanineJourney/Content/StarterContent/Particles/P_Ambient_Dust.uasset" 687
"../../../CanineJourney/Content/StarterContent/Props/MaterialSphere.uasset" 688
"../../../CanineJourney/Content/StarterContent/Textures/T_Frame_M.uasset" 689
"../../../CanineJourney/Content/StarterContent/Textures/T_Frame_N.uasset" 690
"../../../CanineJourney/Content/StarterContent/Props/Materials/M_Frame.uasset" 691
"../../../CanineJourney/Content/StarterContent/Props/SM_CornerFrame.uasset" 692
"../../../CanineJourney/Content/StarterContent/Props/SM_DoorFrame.uasset" 693
"../../../CanineJourney/Content/StarterContent/Props/SM_GlassWindow.uasset" 694
"../../../CanineJourney/Content/StarterContent/Props/SM_PillarFrame.uasset" 695
"../../../CanineJourney/Content/StarterContent/Props/SM_PillarFrame300.uasset" 696
"../../../CanineJourney/Content/StarterContent/Props/SM_WindowFrame.uasset" 697
"../../../CanineJourney/Content/StarterContent/Shapes/Shape_Cube.uasset" 698
"../../../CanineJourney/Content/StarterContent/Shapes/Shape_QuadPyramid.uasset" 699
"../../../CanineJourney/Content/StarterContent/Shapes/Shape_Sphere.uasset" 700
"../../../CanineJourney/Content/StarterContent/Maps/StarterMap.umap" 701
